[2015-07-27 13:33:55,106] DEBUG preRegister called. Server=com.sun.jmx.mbeanserver.JmxMBeanServer@6b414655, name=log4j:logger=kafka.controller (kafka.controller)
[2015-07-27 13:34:17,228] DEBUG preRegister called. Server=com.sun.jmx.mbeanserver.JmxMBeanServer@6b414655, name=log4j:logger=kafka.controller (kafka.controller)
[2015-07-27 13:34:18,703] INFO [Controller 0]: Controller starting up (kafka.controller.KafkaController)
[2015-07-27 13:34:18,734] INFO [Controller 0]: Broker 0 starting become controller state transition (kafka.controller.KafkaController)
[2015-07-27 13:34:18,744] INFO [Controller 0]: Controller 0 incremented epoch to 1 (kafka.controller.KafkaController)
[2015-07-27 13:34:18,756] INFO [Controller 0]: Partitions undergoing preferred replica election:  (kafka.controller.KafkaController)
[2015-07-27 13:34:18,756] INFO [Controller 0]: Partitions that completed preferred replica election:  (kafka.controller.KafkaController)
[2015-07-27 13:34:18,757] INFO [Controller 0]: Resuming preferred replica election for partitions:  (kafka.controller.KafkaController)
[2015-07-27 13:34:18,759] INFO [Controller 0]: Partitions being reassigned: Map() (kafka.controller.KafkaController)
[2015-07-27 13:34:18,760] INFO [Controller 0]: Partitions already reassigned: List() (kafka.controller.KafkaController)
[2015-07-27 13:34:18,761] INFO [Controller 0]: Resuming reassignment of partitions: Map() (kafka.controller.KafkaController)
[2015-07-27 13:34:18,763] INFO [Controller 0]: List of topics to be deleted:  (kafka.controller.KafkaController)
[2015-07-27 13:34:18,764] INFO [Controller 0]: List of topics ineligible for deletion:  (kafka.controller.KafkaController)
[2015-07-27 13:34:18,767] INFO [Controller 0]: Currently active brokers in the cluster: Set() (kafka.controller.KafkaController)
[2015-07-27 13:34:18,767] INFO [Controller 0]: Currently shutting brokers in the cluster: Set() (kafka.controller.KafkaController)
[2015-07-27 13:34:18,768] INFO [Controller 0]: Current list of topics in the cluster: Set() (kafka.controller.KafkaController)
[2015-07-27 13:34:18,770] INFO [Replica state machine on controller 0]: Started replica state machine with initial state -> Map() (kafka.controller.ReplicaStateMachine)
[2015-07-27 13:34:18,774] INFO [Partition state machine on Controller 0]: Started partition state machine with initial state -> Map() (kafka.controller.PartitionStateMachine)
[2015-07-27 13:34:18,775] INFO [Controller 0]: Broker 0 is ready to serve as the new controller with epoch 1 (kafka.controller.KafkaController)
[2015-07-27 13:34:18,776] INFO [Controller 0]: Starting preferred replica leader election for partitions  (kafka.controller.KafkaController)
[2015-07-27 13:34:18,777] INFO [Partition state machine on Controller 0]: Invoking state change to OnlinePartition for partitions  (kafka.controller.PartitionStateMachine)
[2015-07-27 13:34:18,784] INFO [Controller 0]: starting the partition rebalance scheduler (kafka.controller.KafkaController)
[2015-07-27 13:34:18,785] INFO [Controller 0]: Controller startup complete (kafka.controller.KafkaController)
[2015-07-27 13:34:18,856] INFO [BrokerChangeListener on Controller 0]: Broker change listener fired for path /brokers/ids with children 0 (kafka.controller.ReplicaStateMachine$BrokerChangeListener)
[2015-07-27 13:34:18,890] INFO [BrokerChangeListener on Controller 0]: Newly added brokers: 0, deleted brokers: , all live brokers: 0 (kafka.controller.ReplicaStateMachine$BrokerChangeListener)
[2015-07-27 13:34:18,890] DEBUG [Channel manager on controller 0]: Controller 0 trying to connect to broker 0 (kafka.controller.ControllerChannelManager)
[2015-07-27 13:34:18,896] INFO [Controller-0-to-broker-0-send-thread], Controller 0 connected to id:0,host:127.0.0.1,port:9092 for sending state change requests (kafka.controller.RequestSendThread)
[2015-07-27 13:34:18,898] INFO [Controller-0-to-broker-0-send-thread], Starting  (kafka.controller.RequestSendThread)
[2015-07-27 13:34:18,898] INFO [Controller 0]: New broker startup callback for 0 (kafka.controller.KafkaController)
[2015-07-27 13:34:23,786] TRACE [Controller 0]: checking need to trigger partition rebalance (kafka.controller.KafkaController)
[2015-07-27 13:34:23,788] DEBUG [Controller 0]: preferred replicas by broker Map() (kafka.controller.KafkaController)
[2015-07-27 13:36:52,519] DEBUG preRegister called. Server=com.sun.jmx.mbeanserver.JmxMBeanServer@a70ad76, name=log4j:logger=kafka.controller (kafka.controller)
[2015-07-27 13:38:48,677] DEBUG preRegister called. Server=com.sun.jmx.mbeanserver.JmxMBeanServer@3d6396f5, name=log4j:logger=kafka.controller (kafka.controller)
[2015-07-27 13:40:11,059] DEBUG preRegister called. Server=com.sun.jmx.mbeanserver.JmxMBeanServer@6b8c2354, name=log4j:logger=kafka.controller (kafka.controller)
[2015-07-27 13:50:50,630] DEBUG preRegister called. Server=com.sun.jmx.mbeanserver.JmxMBeanServer@a70ad76, name=log4j:logger=kafka.controller (kafka.controller)
[2015-07-27 13:50:53,083] INFO [Controller 1]: Controller starting up (kafka.controller.KafkaController)
[2015-07-27 13:50:53,176] INFO [Controller 1]: Controller startup complete (kafka.controller.KafkaController)
