[2015-07-27 13:34:18,350] INFO Verifying properties (kafka.utils.VerifiableProperties)
[2015-07-27 13:34:18,374] INFO Property broker.id is overridden to 0 (kafka.utils.VerifiableProperties)
[2015-07-27 13:34:18,375] INFO Property default.replication.factor is overridden to 1 (kafka.utils.VerifiableProperties)
[2015-07-27 13:34:18,376] INFO Property host.name is overridden to 127.0.0.1 (kafka.utils.VerifiableProperties)
[2015-07-27 13:34:18,376] INFO Property log.cleaner.enable is overridden to false (kafka.utils.VerifiableProperties)
[2015-07-27 13:34:18,377] INFO Property log.dirs is overridden to /Users/yuds/tmp/kafka-logs (kafka.utils.VerifiableProperties)
[2015-07-27 13:34:18,378] INFO Property log.retention.check.interval.ms is overridden to 300000 (kafka.utils.VerifiableProperties)
[2015-07-27 13:34:18,378] INFO Property log.retention.hours is overridden to 168 (kafka.utils.VerifiableProperties)
[2015-07-27 13:34:18,379] INFO Property log.segment.bytes is overridden to 2048 (kafka.utils.VerifiableProperties)
[2015-07-27 13:34:18,380] INFO Property num.io.threads is overridden to 8 (kafka.utils.VerifiableProperties)
[2015-07-27 13:34:18,380] INFO Property num.network.threads is overridden to 3 (kafka.utils.VerifiableProperties)
[2015-07-27 13:34:18,381] INFO Property num.partitions is overridden to 4 (kafka.utils.VerifiableProperties)
[2015-07-27 13:34:18,382] INFO Property num.recovery.threads.per.data.dir is overridden to 1 (kafka.utils.VerifiableProperties)
[2015-07-27 13:34:18,382] INFO Property port is overridden to 9092 (kafka.utils.VerifiableProperties)
[2015-07-27 13:34:18,383] INFO Property socket.receive.buffer.bytes is overridden to 10240 (kafka.utils.VerifiableProperties)
[2015-07-27 13:34:18,383] INFO Property socket.request.max.bytes is overridden to 104857600 (kafka.utils.VerifiableProperties)
[2015-07-27 13:34:18,384] INFO Property socket.send.buffer.bytes is overridden to 10240 (kafka.utils.VerifiableProperties)
[2015-07-27 13:34:18,385] INFO Property zookeeper.connect is overridden to 127.0.0.1:2181 (kafka.utils.VerifiableProperties)
[2015-07-27 13:34:18,387] INFO Property zookeeper.connection.timeout.ms is overridden to 6000 (kafka.utils.VerifiableProperties)
[2015-07-27 13:34:18,418] INFO [Kafka Server 0], starting (kafka.server.KafkaServer)
[2015-07-27 13:34:18,420] INFO [Kafka Server 0], Connecting to zookeeper on 127.0.0.1:2181 (kafka.server.KafkaServer)
[2015-07-27 13:34:18,600] INFO Log directory 'C:\Users\yuds\tmp\kafka-logs' not found, creating it. (kafka.log.LogManager)
[2015-07-27 13:34:18,611] INFO Loading logs. (kafka.log.LogManager)
[2015-07-27 13:34:18,618] INFO Logs loading complete. (kafka.log.LogManager)
[2015-07-27 13:34:18,619] INFO Starting log cleanup with a period of 300000 ms. (kafka.log.LogManager)
[2015-07-27 13:34:18,622] INFO Starting log flusher with a default period of 9223372036854775807 ms. (kafka.log.LogManager)
[2015-07-27 13:34:18,648] INFO Awaiting socket connections on 127.0.0.1:9092. (kafka.network.Acceptor)
[2015-07-27 13:34:18,650] INFO [Socket Server on Broker 0], Started (kafka.network.SocketServer)
[2015-07-27 13:34:18,702] INFO Will not load MX4J, mx4j-tools.jar is not in the classpath (kafka.utils.Mx4jLoader$)
[2015-07-27 13:34:18,733] INFO 0 successfully elected as leader (kafka.server.ZookeeperLeaderElector)
[2015-07-27 13:34:18,799] INFO Registered broker 0 at path /brokers/ids/0 with address 127.0.0.1:9092. (kafka.utils.ZkUtils$)
[2015-07-27 13:34:18,808] INFO [Kafka Server 0], started (kafka.server.KafkaServer)
[2015-07-27 13:34:18,853] INFO New leader is 0 (kafka.server.ZookeeperLeaderElector$LeaderChangeListener)
[2015-07-27 13:35:34,053] INFO [Kafka Server 0], shutting down (kafka.server.KafkaServer)
[2015-07-27 13:35:34,055] INFO [Kafka Server 0], Starting controlled shutdown (kafka.server.KafkaServer)
[2015-07-27 13:50:51,675] INFO Verifying properties (kafka.utils.VerifiableProperties)
[2015-07-27 13:50:51,700] INFO Property broker.id is overridden to 0 (kafka.utils.VerifiableProperties)
[2015-07-27 13:50:51,700] INFO Property default.replication.factor is overridden to 1 (kafka.utils.VerifiableProperties)
[2015-07-27 13:50:51,700] INFO Property host.name is overridden to 127.0.0.1 (kafka.utils.VerifiableProperties)
[2015-07-27 13:50:51,701] INFO Property log.cleaner.enable is overridden to false (kafka.utils.VerifiableProperties)
[2015-07-27 13:50:51,701] INFO Property log.dirs is overridden to /Users/yuds/tmp/kafka-logs (kafka.utils.VerifiableProperties)
[2015-07-27 13:50:51,701] INFO Property log.retention.check.interval.ms is overridden to 300000 (kafka.utils.VerifiableProperties)
[2015-07-27 13:50:51,701] INFO Property log.retention.hours is overridden to 168 (kafka.utils.VerifiableProperties)
[2015-07-27 13:50:51,701] INFO Property log.segment.bytes is overridden to 2048 (kafka.utils.VerifiableProperties)
[2015-07-27 13:50:51,701] INFO Property num.io.threads is overridden to 8 (kafka.utils.VerifiableProperties)
[2015-07-27 13:50:51,702] INFO Property num.network.threads is overridden to 3 (kafka.utils.VerifiableProperties)
[2015-07-27 13:50:51,702] INFO Property num.partitions is overridden to 4 (kafka.utils.VerifiableProperties)
[2015-07-27 13:50:51,702] INFO Property num.recovery.threads.per.data.dir is overridden to 1 (kafka.utils.VerifiableProperties)
[2015-07-27 13:50:51,702] INFO Property port is overridden to 9092 (kafka.utils.VerifiableProperties)
[2015-07-27 13:50:51,702] INFO Property socket.receive.buffer.bytes is overridden to 10240 (kafka.utils.VerifiableProperties)
[2015-07-27 13:50:51,702] INFO Property socket.request.max.bytes is overridden to 104857600 (kafka.utils.VerifiableProperties)
[2015-07-27 13:50:51,703] INFO Property socket.send.buffer.bytes is overridden to 10240 (kafka.utils.VerifiableProperties)
[2015-07-27 13:50:51,703] INFO Property zookeeper.connect is overridden to 127.0.0.1:2181 (kafka.utils.VerifiableProperties)
[2015-07-27 13:50:51,703] INFO Property zookeeper.connection.timeout.ms is overridden to 6000 (kafka.utils.VerifiableProperties)
[2015-07-27 13:50:51,732] INFO [Kafka Server 0], starting (kafka.server.KafkaServer)
[2015-07-27 13:50:51,734] INFO [Kafka Server 0], Connecting to zookeeper on 127.0.0.1:2181 (kafka.server.KafkaServer)
[2015-07-27 13:50:51,824] FATAL [Kafka Server 0], Fatal error during KafkaServer startup. Prepare to shutdown (kafka.server.KafkaServer)
kafka.common.KafkaException: Failed to acquire lock on file .lock in C:\Users\yuds\tmp\kafka-logs. A Kafka instance in another process or thread is using this directory.
	at kafka.log.LogManager$$anonfun$lockLogDirs$1.apply(LogManager.scala:98)
	at kafka.log.LogManager$$anonfun$lockLogDirs$1.apply(LogManager.scala:95)
	at scala.collection.TraversableLike$$anonfun$map$1.apply(TraversableLike.scala:245)
	at scala.collection.TraversableLike$$anonfun$map$1.apply(TraversableLike.scala:245)
	at scala.collection.IndexedSeqOptimized$class.foreach(IndexedSeqOptimized.scala:33)
	at scala.collection.mutable.WrappedArray.foreach(WrappedArray.scala:35)
	at scala.collection.TraversableLike$class.map(TraversableLike.scala:245)
	at scala.collection.AbstractTraversable.map(Traversable.scala:104)
	at kafka.log.LogManager.lockLogDirs(LogManager.scala:95)
	at kafka.log.LogManager.<init>(LogManager.scala:57)
	at kafka.server.KafkaServer.createLogManager(KafkaServer.scala:335)
	at kafka.server.KafkaServer.startup(KafkaServer.scala:85)
	at kafka.server.KafkaServerStartable.startup(KafkaServerStartable.scala:29)
	at kafka.Kafka$.main(Kafka.scala:46)
	at kafka.Kafka.main(Kafka.scala)
[2015-07-27 13:50:51,826] INFO [Kafka Server 0], shutting down (kafka.server.KafkaServer)
[2015-07-27 13:50:51,833] INFO [Kafka Server 0], shut down completed (kafka.server.KafkaServer)
[2015-07-27 13:50:51,833] FATAL Fatal error during KafkaServerStartable startup. Prepare to shutdown (kafka.server.KafkaServerStartable)
kafka.common.KafkaException: Failed to acquire lock on file .lock in C:\Users\yuds\tmp\kafka-logs. A Kafka instance in another process or thread is using this directory.
	at kafka.log.LogManager$$anonfun$lockLogDirs$1.apply(LogManager.scala:98)
	at kafka.log.LogManager$$anonfun$lockLogDirs$1.apply(LogManager.scala:95)
	at scala.collection.TraversableLike$$anonfun$map$1.apply(TraversableLike.scala:245)
	at scala.collection.TraversableLike$$anonfun$map$1.apply(TraversableLike.scala:245)
	at scala.collection.IndexedSeqOptimized$class.foreach(IndexedSeqOptimized.scala:33)
	at scala.collection.mutable.WrappedArray.foreach(WrappedArray.scala:35)
	at scala.collection.TraversableLike$class.map(TraversableLike.scala:245)
	at scala.collection.AbstractTraversable.map(Traversable.scala:104)
	at kafka.log.LogManager.lockLogDirs(LogManager.scala:95)
	at kafka.log.LogManager.<init>(LogManager.scala:57)
	at kafka.server.KafkaServer.createLogManager(KafkaServer.scala:335)
	at kafka.server.KafkaServer.startup(KafkaServer.scala:85)
	at kafka.server.KafkaServerStartable.startup(KafkaServerStartable.scala:29)
	at kafka.Kafka$.main(Kafka.scala:46)
	at kafka.Kafka.main(Kafka.scala)
[2015-07-27 13:50:51,834] INFO [Kafka Server 0], shutting down (kafka.server.KafkaServer)
[2015-07-27 13:50:52,842] INFO Verifying properties (kafka.utils.VerifiableProperties)
[2015-07-27 13:50:52,864] INFO Property broker.id is overridden to 1 (kafka.utils.VerifiableProperties)
[2015-07-27 13:50:52,864] INFO Property default.replication.factor is overridden to 1 (kafka.utils.VerifiableProperties)
[2015-07-27 13:50:52,864] INFO Property host.name is overridden to 127.0.0.1 (kafka.utils.VerifiableProperties)
[2015-07-27 13:50:52,865] INFO Property log.cleaner.enable is overridden to false (kafka.utils.VerifiableProperties)
[2015-07-27 13:50:52,865] INFO Property log.dirs is overridden to /Users/yuds/tmp/kafka-logs-1 (kafka.utils.VerifiableProperties)
[2015-07-27 13:50:52,865] INFO Property log.retention.check.interval.ms is overridden to 300000 (kafka.utils.VerifiableProperties)
[2015-07-27 13:50:52,865] INFO Property log.retention.hours is overridden to 1 (kafka.utils.VerifiableProperties)
[2015-07-27 13:50:52,865] INFO Property log.segment.bytes is overridden to 2048 (kafka.utils.VerifiableProperties)
[2015-07-27 13:50:52,865] INFO Property num.io.threads is overridden to 8 (kafka.utils.VerifiableProperties)
[2015-07-27 13:50:52,866] INFO Property num.network.threads is overridden to 3 (kafka.utils.VerifiableProperties)
[2015-07-27 13:50:52,866] INFO Property num.partitions is overridden to 4 (kafka.utils.VerifiableProperties)
[2015-07-27 13:50:52,866] INFO Property num.recovery.threads.per.data.dir is overridden to 1 (kafka.utils.VerifiableProperties)
[2015-07-27 13:50:52,866] INFO Property port is overridden to 9093 (kafka.utils.VerifiableProperties)
[2015-07-27 13:50:52,866] INFO Property socket.receive.buffer.bytes is overridden to 102400 (kafka.utils.VerifiableProperties)
[2015-07-27 13:50:52,866] INFO Property socket.request.max.bytes is overridden to 104857600 (kafka.utils.VerifiableProperties)
[2015-07-27 13:50:52,866] INFO Property socket.send.buffer.bytes is overridden to 102400 (kafka.utils.VerifiableProperties)
[2015-07-27 13:50:52,866] INFO Property zookeeper.connect is overridden to 127.0.0.1:2181 (kafka.utils.VerifiableProperties)
[2015-07-27 13:50:52,867] INFO Property zookeeper.connection.timeout.ms is overridden to 6000 (kafka.utils.VerifiableProperties)
[2015-07-27 13:50:52,895] INFO [Kafka Server 1], starting (kafka.server.KafkaServer)
[2015-07-27 13:50:52,896] INFO [Kafka Server 1], Connecting to zookeeper on 127.0.0.1:2181 (kafka.server.KafkaServer)
[2015-07-27 13:50:52,980] INFO Log directory 'C:\Users\yuds\tmp\kafka-logs-1' not found, creating it. (kafka.log.LogManager)
[2015-07-27 13:50:52,990] INFO Loading logs. (kafka.log.LogManager)
[2015-07-27 13:50:52,997] INFO Logs loading complete. (kafka.log.LogManager)
[2015-07-27 13:50:52,998] INFO Starting log cleanup with a period of 300000 ms. (kafka.log.LogManager)
[2015-07-27 13:50:53,000] INFO Starting log flusher with a default period of 9223372036854775807 ms. (kafka.log.LogManager)
[2015-07-27 13:50:53,027] INFO Awaiting socket connections on 127.0.0.1:9093. (kafka.network.Acceptor)
[2015-07-27 13:50:53,028] INFO [Socket Server on Broker 1], Started (kafka.network.SocketServer)
[2015-07-27 13:50:53,081] INFO Will not load MX4J, mx4j-tools.jar is not in the classpath (kafka.utils.Mx4jLoader$)
[2015-07-27 13:50:53,197] INFO Registered broker 1 at path /brokers/ids/1 with address 127.0.0.1:9093. (kafka.utils.ZkUtils$)
[2015-07-27 13:50:53,207] INFO [Kafka Server 1], started (kafka.server.KafkaServer)
